
*** Running vivado
    with args -log Lab2_imp.vdi -applog -m64 -product Vivado -messageDb vivado.pb -mode batch -source Lab2_imp.tcl -notrace


****** Vivado v2018.3 (64-bit)
  **** SW Build 2405991 on Thu Dec  6 23:38:27 MST 2018
  **** IP Build 2404404 on Fri Dec  7 01:43:56 MST 2018
    ** Copyright 1986-2018 Xilinx, Inc. All Rights Reserved.

source Lab2_imp.tcl -notrace
Command: link_design -top Lab2_imp -part xc7a35tcpg236-1
Design is defaulting to srcset: sources_1
Design is defaulting to constrset: constrs_1
INFO: [Project 1-454] Reading design checkpoint 'y:/CE2003/Lab_2/Lab_2.srcs/sources_1/ip/Lab2_mem/Lab2_mem.dcp' for cell 'U7/U1'
INFO: [Netlist 29-17] Analyzing 24 Unisim elements for replacement
INFO: [Netlist 29-28] Unisim Transformation completed in 0 CPU seconds
INFO: [Project 1-479] Netlist was created with Vivado 2018.3
INFO: [Device 21-403] Loading part xc7a35tcpg236-1
INFO: [Project 1-570] Preparing netlist for logic optimization
Parsing XDC File [Y:/CE2003/CE2003_Lab2_pre/Lab2_pre/Lab2.xdc]
Finished Parsing XDC File [Y:/CE2003/CE2003_Lab2_pre/Lab2_pre/Lab2.xdc]
INFO: [Opt 31-138] Pushed 0 inverter(s) to 0 load pin(s).
Netlist sorting complete. Time (s): cpu = 00:00:00 ; elapsed = 00:00:00 . Memory (MB): peak = 687.320 ; gain = 0.000
INFO: [Project 1-111] Unisim Transformation Summary:
  A total of 8 instances were transformed.
  RAM64X1S => RAM64X1S (RAMS64E): 8 instances

8 Infos, 0 Warnings, 0 Critical Warnings and 0 Errors encountered.
link_design completed successfully
link_design: Time (s): cpu = 00:00:05 ; elapsed = 00:00:07 . Memory (MB): peak = 687.320 ; gain = 328.367
Command: opt_design
Attempting to get a license for feature 'Implementation' and/or device 'xc7a35t'
INFO: [Common 17-349] Got license for feature 'Implementation' and/or device 'xc7a35t'
Running DRC as a precondition to command opt_design

Starting DRC Task
INFO: [DRC 23-27] Running DRC with 2 threads
INFO: [Project 1-461] DRC finished with 0 Errors
INFO: [Project 1-462] Please refer to the DRC report (report_drc) for more information.

Time (s): cpu = 00:00:00 ; elapsed = 00:00:00.432 . Memory (MB): peak = 700.516 ; gain = 13.195

Starting Cache Timing Information Task
INFO: [Timing 38-35] Done setting XDC timing constraints.
Ending Cache Timing Information Task | Checksum: 18d4e17b7

Time (s): cpu = 00:00:07 ; elapsed = 00:00:07 . Memory (MB): peak = 1248.051 ; gain = 547.535

Starting Logic Optimization Task

Phase 1 Retarget
INFO: [Opt 31-138] Pushed 0 inverter(s) to 0 load pin(s).
INFO: [Opt 31-49] Retargeted 0 cell(s).
Phase 1 Retarget | Checksum: 18d4e17b7

Time (s): cpu = 00:00:00 ; elapsed = 00:00:00.019 . Memory (MB): peak = 1345.320 ; gain = 0.000
INFO: [Opt 31-389] Phase Retarget created 0 cells and removed 0 cells

Phase 2 Constant propagation
INFO: [Opt 31-138] Pushed 0 inverter(s) to 0 load pin(s).
Phase 2 Constant propagation | Checksum: 18d4e17b7

Time (s): cpu = 00:00:00 ; elapsed = 00:00:00.029 . Memory (MB): peak = 1345.320 ; gain = 0.000
INFO: [Opt 31-389] Phase Constant propagation created 0 cells and removed 0 cells

Phase 3 Sweep
Phase 3 Sweep | Checksum: 13d47d81c

Time (s): cpu = 00:00:00 ; elapsed = 00:00:00.042 . Memory (MB): peak = 1345.320 ; gain = 0.000
INFO: [Opt 31-389] Phase Sweep created 0 cells and removed 8 cells

Phase 4 BUFG optimization
Phase 4 BUFG optimization | Checksum: 13d47d81c

Time (s): cpu = 00:00:00 ; elapsed = 00:00:00.054 . Memory (MB): peak = 1345.320 ; gain = 0.000
INFO: [Opt 31-662] Phase BUFG optimization created 0 cells of which 0 are BUFGs and removed 0 cells.

Phase 5 Shift Register Optimization
Phase 5 Shift Register Optimization | Checksum: 102e52dc5

Time (s): cpu = 00:00:00 ; elapsed = 00:00:00.081 . Memory (MB): peak = 1345.320 ; gain = 0.000
INFO: [Opt 31-389] Phase Shift Register Optimization created 0 cells and removed 0 cells

Phase 6 Post Processing Netlist
Phase 6 Post Processing Netlist | Checksum: 102e52dc5

Time (s): cpu = 00:00:00 ; elapsed = 00:00:00.092 . Memory (MB): peak = 1345.320 ; gain = 0.000
INFO: [Opt 31-389] Phase Post Processing Netlist created 0 cells and removed 0 cells
Opt_design Change Summary
=========================


-------------------------------------------------------------------------------------------------------------------------
|  Phase                        |  #Cells created  |  #Cells Removed  |  #Constrained objects preventing optimizations  |
-------------------------------------------------------------------------------------------------------------------------
|  Retarget                     |               0  |               0  |                                              0  |
|  Constant propagation         |               0  |               0  |                                              0  |
|  Sweep                        |               0  |               8  |                                              0  |
|  BUFG optimization            |               0  |               0  |                                              0  |
|  Shift Register Optimization  |               0  |               0  |                                              0  |
|  Post Processing Netlist      |               0  |               0  |                                              0  |
-------------------------------------------------------------------------------------------------------------------------



Starting Connectivity Check Task

Time (s): cpu = 00:00:00 ; elapsed = 00:00:00.002 . Memory (MB): peak = 1345.320 ; gain = 0.000
Ending Logic Optimization Task | Checksum: 102e52dc5

Time (s): cpu = 00:00:00 ; elapsed = 00:00:00.119 . Memory (MB): peak = 1345.320 ; gain = 0.000

Starting Power Optimization Task
INFO: [Pwropt 34-132] Skipping clock gating for clocks with a period < 2.00 ns.
Ending Power Optimization Task | Checksum: 102e52dc5

Time (s): cpu = 00:00:00 ; elapsed = 00:00:00.013 . Memory (MB): peak = 1345.320 ; gain = 0.000

Starting Final Cleanup Task
Ending Final Cleanup Task | Checksum: 102e52dc5

Time (s): cpu = 00:00:00 ; elapsed = 00:00:00.002 . Memory (MB): peak = 1345.320 ; gain = 0.000

Starting Netlist Obfuscation Task
Netlist sorting complete. Time (s): cpu = 00:00:00 ; elapsed = 00:00:00 . Memory (MB): peak = 1345.320 ; gain = 0.000
Ending Netlist Obfuscation Task | Checksum: 102e52dc5

Time (s): cpu = 00:00:00 ; elapsed = 00:00:00.004 . Memory (MB): peak = 1345.320 ; gain = 0.000
INFO: [Common 17-83] Releasing license: Implementation
24 Infos, 0 Warnings, 0 Critical Warnings and 0 Errors encountered.
opt_design completed successfully
opt_design: Time (s): cpu = 00:00:07 ; elapsed = 00:00:08 . Memory (MB): peak = 1345.320 ; gain = 658.000
Netlist sorting complete. Time (s): cpu = 00:00:00 ; elapsed = 00:00:00 . Memory (MB): peak = 1345.320 ; gain = 0.000
INFO: [Timing 38-480] Writing timing data to binary archive.
Writing placer database...
Writing XDEF routing.
Netlist sorting complete. Time (s): cpu = 00:00:00 ; elapsed = 00:00:00.001 . Memory (MB): peak = 1345.320 ; gain = 0.000
Writing XDEF routing logical nets.
Writing XDEF routing special nets.
Write XDEF Complete: Time (s): cpu = 00:00:01 ; elapsed = 00:00:00.337 . Memory (MB): peak = 1345.320 ; gain = 0.000
INFO: [Common 17-1381] The checkpoint 'Y:/CE2003/Lab_2/Lab_2.runs/impl_1/Lab2_imp_opt.dcp' has been generated.
INFO: [runtcl-4] Executing : report_drc -file Lab2_imp_drc_opted.rpt -pb Lab2_imp_drc_opted.pb -rpx Lab2_imp_drc_opted.rpx
Command: report_drc -file Lab2_imp_drc_opted.rpt -pb Lab2_imp_drc_opted.pb -rpx Lab2_imp_drc_opted.rpx
INFO: [IP_Flow 19-1839] IP Catalog is up to date.
INFO: [DRC 23-27] Running DRC with 2 threads
INFO: [Coretcl 2-168] The results of DRC are in file Y:/CE2003/Lab_2/Lab_2.runs/impl_1/Lab2_imp_drc_opted.rpt.
report_drc completed successfully
Command: place_design
Attempting to get a license for feature 'Implementation' and/or device 'xc7a35t'
INFO: [Common 17-349] Got license for feature 'Implementation' and/or device 'xc7a35t'
INFO: [DRC 23-27] Running DRC with 2 threads
INFO: [Vivado_Tcl 4-198] DRC finished with 0 Errors
INFO: [Vivado_Tcl 4-199] Please refer to the DRC report (report_drc) for more information.
Running DRC as a precondition to command place_design
INFO: [DRC 23-27] Running DRC with 2 threads
INFO: [Vivado_Tcl 4-198] DRC finished with 0 Errors
INFO: [Vivado_Tcl 4-199] Please refer to the DRC report (report_drc) for more information.

Starting Placer Task
INFO: [Place 30-611] Multithreading enabled for place_design using a maximum of 2 CPUs

Phase 1 Placer Initialization

Phase 1.1 Placer Initialization Netlist Sorting
Netlist sorting complete. Time (s): cpu = 00:00:00 ; elapsed = 00:00:00 . Memory (MB): peak = 1345.320 ; gain = 0.000
Phase 1.1 Placer Initialization Netlist Sorting | Checksum: bba02a48

Time (s): cpu = 00:00:00 ; elapsed = 00:00:00.016 . Memory (MB): peak = 1345.320 ; gain = 0.000
Netlist sorting complete. Time (s): cpu = 00:00:00 ; elapsed = 00:00:00 . Memory (MB): peak = 1345.320 ; gain = 0.000

Phase 1.2 IO Placement/ Clock Placement/ Build Placer Device
INFO: [Timing 38-35] Done setting XDC timing constraints.
Phase 1.2 IO Placement/ Clock Placement/ Build Placer Device | Checksum: cbc52ae0

Time (s): cpu = 00:00:01 ; elapsed = 00:00:00.456 . Memory (MB): peak = 1345.320 ; gain = 0.000

Phase 1.3 Build Placer Netlist Model
Phase 1.3 Build Placer Netlist Model | Checksum: 18405c74a

Time (s): cpu = 00:00:01 ; elapsed = 00:00:00.511 . Memory (MB): peak = 1345.320 ; gain = 0.000

Phase 1.4 Constrain Clocks/Macros
Phase 1.4 Constrain Clocks/Macros | Checksum: 18405c74a

Time (s): cpu = 00:00:01 ; elapsed = 00:00:00.518 . Memory (MB): peak = 1345.320 ; gain = 0.000
Phase 1 Placer Initialization | Checksum: 18405c74a

Time (s): cpu = 00:00:01 ; elapsed = 00:00:00.522 . Memory (MB): peak = 1345.320 ; gain = 0.000

Phase 2 Global Placement

Phase 2.1 Floorplanning
Phase 2.1 Floorplanning | Checksum: 19a4942f7

Time (s): cpu = 00:00:01 ; elapsed = 00:00:00.557 . Memory (MB): peak = 1345.320 ; gain = 0.000

Phase 2.2 Physical Synthesis In Placer
INFO: [Physopt 32-65] No nets found for high-fanout optimization.
INFO: [Physopt 32-232] Optimized 0 net. Created 0 new instance.
INFO: [Physopt 32-775] End 1 Pass. Optimized 0 net or cell. Created 0 new cell, deleted 0 existing cell and moved 0 existing cell
INFO: [Physopt 32-670] No setup violation found.  DSP Register Optimization was not performed.
INFO: [Physopt 32-670] No setup violation found.  Shift Register Optimization was not performed.
INFO: [Physopt 32-670] No setup violation found.  BRAM Register Optimization was not performed.
INFO: [Physopt 32-949] No candidate nets found for HD net replication
INFO: [Physopt 32-775] End 1 Pass. Optimized 0 net or cell. Created 0 new cell, deleted 0 existing cell and moved 0 existing cell
Netlist sorting complete. Time (s): cpu = 00:00:00 ; elapsed = 00:00:00 . Memory (MB): peak = 1345.320 ; gain = 0.000

Summary of Physical Synthesis Optimizations
============================================


----------------------------------------------------------------------------------------------------------------------------------------
|  Optimization                  |  Added Cells  |  Removed Cells  |  Optimized Cells/Nets  |  Dont Touch  |  Iterations  |  Elapsed   |
----------------------------------------------------------------------------------------------------------------------------------------
|  Very High Fanout              |            0  |              0  |                     0  |           0  |           1  |  00:00:00  |
|  DSP Register                  |            0  |              0  |                     0  |           0  |           0  |  00:00:00  |
|  Shift Register                |            0  |              0  |                     0  |           0  |           0  |  00:00:00  |
|  BRAM Register                 |            0  |              0  |                     0  |           0  |           0  |  00:00:00  |
|  HD Interface Net Replication  |            0  |              0  |                     0  |           0  |           1  |  00:00:00  |
|  Total                         |            0  |              0  |                     0  |           0  |           2  |  00:00:00  |
----------------------------------------------------------------------------------------------------------------------------------------


Phase 2.2 Physical Synthesis In Placer | Checksum: 17595bc1c

Time (s): cpu = 00:00:01 ; elapsed = 00:00:00.798 . Memory (MB): peak = 1345.320 ; gain = 0.000
Phase 2 Global Placement | Checksum: 15b37644d

Time (s): cpu = 00:00:01 ; elapsed = 00:00:00.821 . Memory (MB): peak = 1345.320 ; gain = 0.000

Phase 3 Detail Placement

Phase 3.1 Commit Multi Column Macros
Phase 3.1 Commit Multi Column Macros | Checksum: 15b37644d

Time (s): cpu = 00:00:01 ; elapsed = 00:00:00.830 . Memory (MB): peak = 1345.320 ; gain = 0.000

Phase 3.2 Commit Most Macros & LUTRAMs
Phase 3.2 Commit Most Macros & LUTRAMs | Checksum: 14093ee37

Time (s): cpu = 00:00:01 ; elapsed = 00:00:00.869 . Memory (MB): peak = 1345.320 ; gain = 0.000

Phase 3.3 Area Swap Optimization
Phase 3.3 Area Swap Optimization | Checksum: 111eb0cb5

Time (s): cpu = 00:00:02 ; elapsed = 00:00:00.878 . Memory (MB): peak = 1345.320 ; gain = 0.000

Phase 3.4 Pipeline Register Optimization
Phase 3.4 Pipeline Register Optimization | Checksum: 181bd00a2

Time (s): cpu = 00:00:02 ; elapsed = 00:00:00.884 . Memory (MB): peak = 1345.320 ; gain = 0.000

Phase 3.5 Small Shape Detail Placement
Phase 3.5 Small Shape Detail Placement | Checksum: c1e3c2ab

Time (s): cpu = 00:00:02 ; elapsed = 00:00:00.938 . Memory (MB): peak = 1345.320 ; gain = 0.000

Phase 3.6 Re-assign LUT pins
Phase 3.6 Re-assign LUT pins | Checksum: 14eeb0e2c

Time (s): cpu = 00:00:02 ; elapsed = 00:00:00.946 . Memory (MB): peak = 1345.320 ; gain = 0.000

Phase 3.7 Pipeline Register Optimization
Phase 3.7 Pipeline Register Optimization | Checksum: 1be995a39

Time (s): cpu = 00:00:02 ; elapsed = 00:00:00.952 . Memory (MB): peak = 1345.320 ; gain = 0.000
Phase 3 Detail Placement | Checksum: 1be995a39

Time (s): cpu = 00:00:02 ; elapsed = 00:00:00.956 . Memory (MB): peak = 1345.320 ; gain = 0.000

Phase 4 Post Placement Optimization and Clean-Up

Phase 4.1 Post Commit Optimization
INFO: [Timing 38-35] Done setting XDC timing constraints.

Phase 4.1.1 Post Placement Optimization
Post Placement Optimization Initialization | Checksum: 26f47d3dc

Phase 4.1.1.1 BUFG Insertion
INFO: [Place 46-46] BUFG insertion identified 0 candidate nets, 0 success, 0 bufg driver replicated, 0 skipped for placement/routing, 0 skipped for timing, 0 skipped for netlist change reason
Phase 4.1.1.1 BUFG Insertion | Checksum: 26f47d3dc

Time (s): cpu = 00:00:02 ; elapsed = 00:00:01 . Memory (MB): peak = 1345.320 ; gain = 0.000
INFO: [Place 30-746] Post Placement Timing Summary WNS=7.486. For the most accurate timing information please run report_timing.
Phase 4.1.1 Post Placement Optimization | Checksum: 274d8cb2e

Time (s): cpu = 00:00:02 ; elapsed = 00:00:01 . Memory (MB): peak = 1345.320 ; gain = 0.000
Phase 4.1 Post Commit Optimization | Checksum: 274d8cb2e

Time (s): cpu = 00:00:02 ; elapsed = 00:00:01 . Memory (MB): peak = 1345.320 ; gain = 0.000

Phase 4.2 Post Placement Cleanup
Phase 4.2 Post Placement Cleanup | Checksum: 274d8cb2e

Time (s): cpu = 00:00:02 ; elapsed = 00:00:01 . Memory (MB): peak = 1345.320 ; gain = 0.000

Phase 4.3 Placer Reporting
Phase 4.3 Placer Reporting | Checksum: 274d8cb2e

Time (s): cpu = 00:00:02 ; elapsed = 00:00:01 . Memory (MB): peak = 1345.320 ; gain = 0.000

Phase 4.4 Final Placement Cleanup
Netlist sorting complete. Time (s): cpu = 00:00:00 ; elapsed = 00:00:00 . Memory (MB): peak = 1345.320 ; gain = 0.000
Phase 4.4 Final Placement Cleanup | Checksum: 274d8cb2e

Time (s): cpu = 00:00:02 ; elapsed = 00:00:01 . Memory (MB): peak = 1345.320 ; gain = 0.000
Phase 4 Post Placement Optimization and Clean-Up | Checksum: 274d8cb2e

Time (s): cpu = 00:00:02 ; elapsed = 00:00:01 . Memory (MB): peak = 1345.320 ; gain = 0.000
Ending Placer Task | Checksum: 18992dd23

Time (s): cpu = 00:00:02 ; elapsed = 00:00:01 . Memory (MB): peak = 1345.320 ; gain = 0.000
INFO: [Common 17-83] Releasing license: Implementation
51 Infos, 0 Warnings, 0 Critical Warnings and 0 Errors encountered.
place_design completed successfully
Netlist sorting complete. Time (s): cpu = 00:00:00 ; elapsed = 00:00:00 . Memory (MB): peak = 1345.320 ; gain = 0.000
INFO: [Timing 38-480] Writing timing data to binary archive.
Writing placer database...
Netlist sorting complete. Time (s): cpu = 00:00:00 ; elapsed = 00:00:00.001 . Memory (MB): peak = 1345.320 ; gain = 0.000
Writing XDEF routing.
Writing XDEF routing logical nets.
Writing XDEF routing special nets.
Write XDEF Complete: Time (s): cpu = 00:00:00 ; elapsed = 00:00:00.403 . Memory (MB): peak = 1345.320 ; gain = 0.000
INFO: [Common 17-1381] The checkpoint 'Y:/CE2003/Lab_2/Lab_2.runs/impl_1/Lab2_imp_placed.dcp' has been generated.
INFO: [runtcl-4] Executing : report_io -file Lab2_imp_io_placed.rpt
report_io: Time (s): cpu = 00:00:00 ; elapsed = 00:00:00.055 . Memory (MB): peak = 1345.320 ; gain = 0.000
INFO: [runtcl-4] Executing : report_utilization -file Lab2_imp_utilization_placed.rpt -pb Lab2_imp_utilization_placed.pb
INFO: [runtcl-4] Executing : report_control_sets -verbose -file Lab2_imp_control_sets_placed.rpt
report_control_sets: Time (s): cpu = 00:00:00 ; elapsed = 00:00:00.007 . Memory (MB): peak = 1345.320 ; gain = 0.000
Command: route_design
Attempting to get a license for feature 'Implementation' and/or device 'xc7a35t'
INFO: [Common 17-349] Got license for feature 'Implementation' and/or device 'xc7a35t'
Running DRC as a precondition to command route_design
INFO: [DRC 23-27] Running DRC with 2 threads
INFO: [Vivado_Tcl 4-198] DRC finished with 0 Errors
INFO: [Vivado_Tcl 4-199] Please refer to the DRC report (report_drc) for more information.


Starting Routing Task
INFO: [Route 35-254] Multithreading enabled for route_design using a maximum of 2 CPUs
Checksum: PlaceDB: 93d2a7e0 ConstDB: 0 ShapeSum: f5c03543 RouteDB: 0

Phase 1 Build RT Design
Phase 1 Build RT Design | Checksum: 68144e29

Time (s): cpu = 00:00:15 ; elapsed = 00:00:14 . Memory (MB): peak = 1455.363 ; gain = 110.043
Post Restoration Checksum: NetGraph: 5dae6317 NumContArr: a65eb12 Constraints: 0 Timing: 0

Phase 2 Router Initialization

Phase 2.1 Create Timer
Phase 2.1 Create Timer | Checksum: 68144e29

Time (s): cpu = 00:00:15 ; elapsed = 00:00:14 . Memory (MB): peak = 1485.629 ; gain = 140.309

Phase 2.2 Fix Topology Constraints
Phase 2.2 Fix Topology Constraints | Checksum: 68144e29

Time (s): cpu = 00:00:15 ; elapsed = 00:00:14 . Memory (MB): peak = 1491.656 ; gain = 146.336

Phase 2.3 Pre Route Cleanup
Phase 2.3 Pre Route Cleanup | Checksum: 68144e29

Time (s): cpu = 00:00:15 ; elapsed = 00:00:14 . Memory (MB): peak = 1491.656 ; gain = 146.336
 Number of Nodes with overlaps = 0

Phase 2.4 Update Timing
Phase 2.4 Update Timing | Checksum: 18ebb3dc2

Time (s): cpu = 00:00:15 ; elapsed = 00:00:14 . Memory (MB): peak = 1495.348 ; gain = 150.027
INFO: [Route 35-416] Intermediate Timing Summary | WNS=7.391  | TNS=0.000  | WHS=-0.136 | THS=-0.957 |

Phase 2 Router Initialization | Checksum: 18d5119e7

Time (s): cpu = 00:00:15 ; elapsed = 00:00:14 . Memory (MB): peak = 1495.348 ; gain = 150.027

Phase 3 Initial Routing
Phase 3 Initial Routing | Checksum: 125c0d90e

Time (s): cpu = 00:00:15 ; elapsed = 00:00:14 . Memory (MB): peak = 1496.031 ; gain = 150.711

Phase 4 Rip-up And Reroute

Phase 4.1 Global Iteration 0
 Number of Nodes with overlaps = 2
 Number of Nodes with overlaps = 0
INFO: [Route 35-416] Intermediate Timing Summary | WNS=7.267  | TNS=0.000  | WHS=N/A    | THS=N/A    |

Phase 4.1 Global Iteration 0 | Checksum: 1c59e9ab6

Time (s): cpu = 00:00:15 ; elapsed = 00:00:14 . Memory (MB): peak = 1496.035 ; gain = 150.715
Phase 4 Rip-up And Reroute | Checksum: 1c59e9ab6

Time (s): cpu = 00:00:15 ; elapsed = 00:00:14 . Memory (MB): peak = 1496.035 ; gain = 150.715

Phase 5 Delay and Skew Optimization

Phase 5.1 Delay CleanUp
Phase 5.1 Delay CleanUp | Checksum: 1c59e9ab6

Time (s): cpu = 00:00:15 ; elapsed = 00:00:14 . Memory (MB): peak = 1496.035 ; gain = 150.715

Phase 5.2 Clock Skew Optimization
Phase 5.2 Clock Skew Optimization | Checksum: 1c59e9ab6

Time (s): cpu = 00:00:15 ; elapsed = 00:00:14 . Memory (MB): peak = 1496.035 ; gain = 150.715
Phase 5 Delay and Skew Optimization | Checksum: 1c59e9ab6

Time (s): cpu = 00:00:15 ; elapsed = 00:00:14 . Memory (MB): peak = 1496.035 ; gain = 150.715

Phase 6 Post Hold Fix

Phase 6.1 Hold Fix Iter

Phase 6.1.1 Update Timing
Phase 6.1.1 Update Timing | Checksum: 1b8376ef5

Time (s): cpu = 00:00:15 ; elapsed = 00:00:14 . Memory (MB): peak = 1496.035 ; gain = 150.715
INFO: [Route 35-416] Intermediate Timing Summary | WNS=7.360  | TNS=0.000  | WHS=0.149  | THS=0.000  |

Phase 6.1 Hold Fix Iter | Checksum: 1b8376ef5

Time (s): cpu = 00:00:15 ; elapsed = 00:00:14 . Memory (MB): peak = 1496.035 ; gain = 150.715
Phase 6 Post Hold Fix | Checksum: 1b8376ef5

Time (s): cpu = 00:00:15 ; elapsed = 00:00:14 . Memory (MB): peak = 1496.035 ; gain = 150.715

Phase 7 Route finalize

Router Utilization Summary
  Global Vertical Routing Utilization    = 0.0178586 %
  Global Horizontal Routing Utilization  = 0.0606455 %
  Routable Net Status*
  *Does not include unroutable nets such as driverless and loadless.
  Run report_route_status for detailed report.
  Number of Failed Nets               = 0
  Number of Unrouted Nets             = 0
  Number of Partially Routed Nets     = 0
  Number of Node Overlaps             = 0

Phase 7 Route finalize | Checksum: 1b8376ef5

Time (s): cpu = 00:00:15 ; elapsed = 00:00:14 . Memory (MB): peak = 1496.035 ; gain = 150.715

Phase 8 Verifying routed nets

 Verification completed successfully
Phase 8 Verifying routed nets | Checksum: 1b8376ef5

Time (s): cpu = 00:00:15 ; elapsed = 00:00:14 . Memory (MB): peak = 1498.043 ; gain = 152.723

Phase 9 Depositing Routes
Phase 9 Depositing Routes | Checksum: 1a4b86fab

Time (s): cpu = 00:00:15 ; elapsed = 00:00:14 . Memory (MB): peak = 1498.043 ; gain = 152.723

Phase 10 Post Router Timing
INFO: [Route 35-57] Estimated Timing Summary | WNS=7.360  | TNS=0.000  | WHS=0.149  | THS=0.000  |

INFO: [Route 35-327] The final timing numbers are based on the router estimated timing analysis. For a complete and accurate timing signoff, please run report_timing_summary.
Phase 10 Post Router Timing | Checksum: 1a4b86fab

Time (s): cpu = 00:00:15 ; elapsed = 00:00:14 . Memory (MB): peak = 1498.043 ; gain = 152.723
INFO: [Route 35-16] Router Completed Successfully

Time (s): cpu = 00:00:15 ; elapsed = 00:00:14 . Memory (MB): peak = 1498.043 ; gain = 152.723

Routing Is Done.
INFO: [Common 17-83] Releasing license: Implementation
68 Infos, 0 Warnings, 0 Critical Warnings and 0 Errors encountered.
route_design completed successfully
route_design: Time (s): cpu = 00:00:16 ; elapsed = 00:00:15 . Memory (MB): peak = 1498.043 ; gain = 152.723
Netlist sorting complete. Time (s): cpu = 00:00:00 ; elapsed = 00:00:00 . Memory (MB): peak = 1498.043 ; gain = 0.000
INFO: [Timing 38-480] Writing timing data to binary archive.
Writing placer database...
Netlist sorting complete. Time (s): cpu = 00:00:00 ; elapsed = 00:00:00 . Memory (MB): peak = 1498.043 ; gain = 0.000
Writing XDEF routing.
Writing XDEF routing logical nets.
Writing XDEF routing special nets.
Write XDEF Complete: Time (s): cpu = 00:00:00 ; elapsed = 00:00:00.400 . Memory (MB): peak = 1498.242 ; gain = 0.199
INFO: [Common 17-1381] The checkpoint 'Y:/CE2003/Lab_2/Lab_2.runs/impl_1/Lab2_imp_routed.dcp' has been generated.
INFO: [runtcl-4] Executing : report_drc -file Lab2_imp_drc_routed.rpt -pb Lab2_imp_drc_routed.pb -rpx Lab2_imp_drc_routed.rpx
Command: report_drc -file Lab2_imp_drc_routed.rpt -pb Lab2_imp_drc_routed.pb -rpx Lab2_imp_drc_routed.rpx
INFO: [IP_Flow 19-1839] IP Catalog is up to date.
INFO: [DRC 23-27] Running DRC with 2 threads
INFO: [Coretcl 2-168] The results of DRC are in file Y:/CE2003/Lab_2/Lab_2.runs/impl_1/Lab2_imp_drc_routed.rpt.
report_drc completed successfully
INFO: [runtcl-4] Executing : report_methodology -file Lab2_imp_methodology_drc_routed.rpt -pb Lab2_imp_methodology_drc_routed.pb -rpx Lab2_imp_methodology_drc_routed.rpx
Command: report_methodology -file Lab2_imp_methodology_drc_routed.rpt -pb Lab2_imp_methodology_drc_routed.pb -rpx Lab2_imp_methodology_drc_routed.rpx
INFO: [Timing 38-35] Done setting XDC timing constraints.
INFO: [DRC 23-133] Running Methodology with 2 threads
INFO: [Coretcl 2-1520] The results of Report Methodology are in file Y:/CE2003/Lab_2/Lab_2.runs/impl_1/Lab2_imp_methodology_drc_routed.rpt.
report_methodology completed successfully
INFO: [runtcl-4] Executing : report_power -file Lab2_imp_power_routed.rpt -pb Lab2_imp_power_summary_routed.pb -rpx Lab2_imp_power_routed.rpx
Command: report_power -file Lab2_imp_power_routed.rpt -pb Lab2_imp_power_summary_routed.pb -rpx Lab2_imp_power_routed.rpx
INFO: [Timing 38-35] Done setting XDC timing constraints.
Running Vector-less Activity Propagation...

Finished Running Vector-less Activity Propagation
80 Infos, 0 Warnings, 0 Critical Warnings and 0 Errors encountered.
report_power completed successfully
INFO: [runtcl-4] Executing : report_route_status -file Lab2_imp_route_status.rpt -pb Lab2_imp_route_status.pb
INFO: [runtcl-4] Executing : report_timing_summary -max_paths 10 -file Lab2_imp_timing_summary_routed.rpt -pb Lab2_imp_timing_summary_routed.pb -rpx Lab2_imp_timing_summary_routed.rpx -warn_on_violation 
INFO: [Timing 38-91] UpdateTimingParams: Speed grade: -1, Delay Type: min_max.
INFO: [Timing 38-191] Multithreading enabled for timing update using a maximum of 2 CPUs
INFO: [runtcl-4] Executing : report_incremental_reuse -file Lab2_imp_incremental_reuse_routed.rpt
INFO: [Vivado_Tcl 4-1062] Incremental flow is disabled. No incremental reuse Info to report.
INFO: [runtcl-4] Executing : report_clock_utilization -file Lab2_imp_clock_utilization_routed.rpt
INFO: [runtcl-4] Executing : report_bus_skew -warn_on_violation -file Lab2_imp_bus_skew_routed.rpt -pb Lab2_imp_bus_skew_routed.pb -rpx Lab2_imp_bus_skew_routed.rpx
INFO: [Timing 38-91] UpdateTimingParams: Speed grade: -1, Delay Type: min_max.
INFO: [Timing 38-191] Multithreading enabled for timing update using a maximum of 2 CPUs
INFO: [Common 17-206] Exiting Vivado at Fri Feb 11 15:30:21 2022...

*** Running vivado
    with args -log Lab2_imp.vdi -applog -m64 -product Vivado -messageDb vivado.pb -mode batch -source Lab2_imp.tcl -notrace


****** Vivado v2018.3 (64-bit)
  **** SW Build 2405991 on Thu Dec  6 23:38:27 MST 2018
  **** IP Build 2404404 on Fri Dec  7 01:43:56 MST 2018
    ** Copyright 1986-2018 Xilinx, Inc. All Rights Reserved.

source Lab2_imp.tcl -notrace
Command: open_checkpoint Lab2_imp_routed.dcp

Starting open_checkpoint Task

Time (s): cpu = 00:00:00 ; elapsed = 00:00:00.028 . Memory (MB): peak = 251.414 ; gain = 0.000
INFO: [Netlist 29-17] Analyzing 24 Unisim elements for replacement
INFO: [Netlist 29-28] Unisim Transformation completed in 0 CPU seconds
INFO: [Project 1-479] Netlist was created with Vivado 2018.3
INFO: [Device 21-403] Loading part xc7a35tcpg236-1
INFO: [Project 1-570] Preparing netlist for logic optimization
INFO: [Timing 38-478] Restoring timing data from binary archive.
INFO: [Timing 38-479] Binary timing data restore complete.
INFO: [Project 1-856] Restoring constraints from binary archive.
INFO: [Project 1-853] Binary constraint restore complete.
Reading XDEF placement.
Reading placer database...
Reading XDEF routing.
Read XDEF File: Time (s): cpu = 00:00:00 ; elapsed = 00:00:00.099 . Memory (MB): peak = 1204.922 ; gain = 0.242
Restored from archive | CPU: 0.000000 secs | Memory: 0.000000 MB |
Finished XDEF File Restore: Time (s): cpu = 00:00:00 ; elapsed = 00:00:00.103 . Memory (MB): peak = 1204.922 ; gain = 0.242
Netlist sorting complete. Time (s): cpu = 00:00:00 ; elapsed = 00:00:00 . Memory (MB): peak = 1204.922 ; gain = 0.000
INFO: [Project 1-111] Unisim Transformation Summary:
  A total of 8 instances were transformed.
  RAM64X1S => RAM64X1S (RAMS64E): 8 instances

INFO: [Project 1-604] Checkpoint was created with Vivado v2018.3 (64-bit) build 2405991
open_checkpoint: Time (s): cpu = 00:00:11 ; elapsed = 00:00:15 . Memory (MB): peak = 1204.922 ; gain = 953.508
Command: write_bitstream -force Lab2_imp.bit
Attempting to get a license for feature 'Implementation' and/or device 'xc7a35t'
INFO: [Common 17-349] Got license for feature 'Implementation' and/or device 'xc7a35t'
Running DRC as a precondition to command write_bitstream
INFO: [IP_Flow 19-234] Refreshing IP repositories
INFO: [IP_Flow 19-1704] No user IP repositories specified
INFO: [IP_Flow 19-2313] Loaded Vivado IP repository 'C:/Xilinx/Vivado/2018.3/data/ip'.
INFO: [DRC 23-27] Running DRC with 2 threads
INFO: [Vivado 12-3199] DRC finished with 0 Errors
INFO: [Vivado 12-3200] Please refer to the DRC report (report_drc) for more information.
INFO: [Designutils 20-2272] Running write_bitstream with 2 threads.
Loading data files...
Loading site data...
Loading route data...
Processing options...
Creating bitmap...
Creating bitstream...
Writing bitstream ./Lab2_imp.bit...
INFO: [Vivado 12-1842] Bitgen Completed Successfully.
INFO: [Project 1-118] WebTalk data collection is enabled (User setting is ON. Install Setting is ON.).
INFO: [Common 17-83] Releasing license: Implementation
22 Infos, 0 Warnings, 0 Critical Warnings and 0 Errors encountered.
write_bitstream completed successfully
write_bitstream: Time (s): cpu = 00:00:11 ; elapsed = 00:00:12 . Memory (MB): peak = 1687.652 ; gain = 482.730
INFO: [Common 17-206] Exiting Vivado at Fri Feb 11 15:32:12 2022...
